Application/build/outputs/logs/manifest-merger-debug-report.txt
-- Merging decision tree log ---
manifest
ADDED from src/main/AndroidManifest.xml:16:1-58:12
	package
		ADDED from src/main/AndroidManifest.xml:17:5-33
	xmlns:android
		ADDED from src/main/AndroidManifest.xml:16:11-69
uses-permission#android.permission.INTERNET
ADDED from src/main/AndroidManifest.xml:19:5-66
	android:name
		ADDED from src/main/AndroidManifest.xml:19:22-64
application
ADDED from src/main/AndroidManifest.xml:21:5-57:19
MERGED from [com.android.support:support-v13:25.1.1] AndroidManifest.xml:25:5-20
MERGED from [com.android.support:support-v4:25.1.1] AndroidManifest.xml:25:5-20
MERGED from [com.android.support:support-fragment:25.1.1] AndroidManifest.xml:25:5-20
MERGED from [com.android.support:support-media-compat:25.1.1] AndroidManifest.xml:25:5-20
MERGED from [com.android.support:support-core-ui:25.1.1] AndroidManifest.xml:25:5-20
MERGED from [com.android.support:support-core-utils:25.1.1] AndroidManifest.xml:25:5-20
MERGED from [com.android.support:support-compat:25.1.1] AndroidManifest.xml:25:5-20
MERGED from [com.android.support:cardview-v7:25.1.1] AndroidManifest.xml:22:5-20
MERGED from [com.android.volley:volley:1.0.0] AndroidManifest.xml:9:5-20
	android:label
		ADDED from src/main/AndroidManifest.xml:22:9-41
	android:allowBackup
		ADDED from src/main/AndroidManifest.xml:21:18-44
	android:icon
		ADDED from src/main/AndroidManifest.xml:23:9-45
	android:theme
		ADDED from src/main/AndroidManifest.xml:24:9-40
meta-data#com.google.android.gms.car.application
ADDED from src/main/AndroidManifest.xml:26:9-27:65
	android:resource
		ADDED from src/main/AndroidManifest.xml:27:20-63
	android:name
		ADDED from src/main/AndroidManifest.xml:26:20-73
activity#auto.app.messaging.MainActivity
ADDED from src/main/AndroidManifest.xml:29:9-37:20
	android:label
		ADDED from src/main/AndroidManifest.xml:31:13-45
	android:name
		ADDED from src/main/AndroidManifest.xml:30:13-59
intent-filter#android.intent.action.MAIN+android.intent.category.LAUNCHER
ADDED from src/main/AndroidManifest.xml:32:13-36:29
action#android.intent.action.MAIN
ADDED from src/main/AndroidManifest.xml:33:17-69
	android:name
		ADDED from src/main/AndroidManifest.xml:33:25-66
category#android.intent.category.LAUNCHER
ADDED from src/main/AndroidManifest.xml:35:17-77
	android:name
		ADDED from src/main/AndroidManifest.xml:35:27-74
service#auto.app.messaging.MessagingService
ADDED from src/main/AndroidManifest.xml:39:9-40:19
	android:name
		ADDED from src/main/AndroidManifest.xml:39:18-68
receiver#auto.app.messaging.MessageReadReceiver
ADDED from src/main/AndroidManifest.xml:42:9-48:20
	android:exported
		ADDED from src/main/AndroidManifest.xml:44:13-37
	android:name
		ADDED from src/main/AndroidManifest.xml:43:13-66
intent-filter#com.example.android.messagingservice.ACTION_MESSAGE_READ
ADDED from src/main/AndroidManifest.xml:45:13-47:29
action#com.example.android.messagingservice.ACTION_MESSAGE_READ
ADDED from src/main/AndroidManifest.xml:46:17-98
	android:name
		ADDED from src/main/AndroidManifest.xml:46:25-96
receiver#auto.app.messaging.MessageReplyReceiver
ADDED from src/main/AndroidManifest.xml:50:9-56:20
	android:exported
		ADDED from src/main/AndroidManifest.xml:52:13-37
	android:name
		ADDED from src/main/AndroidManifest.xml:51:13-67
intent-filter#com.example.android.messagingservice.ACTION_MESSAGE_REPLY
ADDED from src/main/AndroidManifest.xml:53:13-55:29
action#com.example.android.messagingservice.ACTION_MESSAGE_REPLY
ADDED from src/main/AndroidManifest.xml:54:17-99
	android:name
		ADDED from src/main/AndroidManifest.xml:54:25-97
uses-sdk
INJECTED from src/main/AndroidManifest.xml reason: use-sdk injection requested
MERGED from [com.android.support:support-v13:25.1.1] AndroidManifest.xml:21:5-23:55
MERGED from [com.android.support:support-v4:25.1.1] AndroidManifest.xml:21:5-23:54
MERGED from [com.android.support:support-fragment:25.1.1] AndroidManifest.xml:21:5-23:60
MERGED from [com.android.support:support-media-compat:25.1.1] AndroidManifest.xml:21:5-23:63
MERGED from [com.android.support:support-core-ui:25.1.1] AndroidManifest.xml:21:5-23:58
MERGED from [com.android.support:support-core-utils:25.1.1] AndroidManifest.xml:21:5-23:61
MERGED from [com.android.support:support-compat:25.1.1] AndroidManifest.xml:21:5-23:58
MERGED from [com.android.support:cardview-v7:25.1.1] AndroidManifest.xml:20:5-43
MERGED from [com.android.volley:volley:1.0.0] AndroidManifest.xml:7:5-43
	tools:overrideLibrary
		ADDED from [com.android.support:support-v13:25.1.1] AndroidManifest.xml:23:9-52
	android:targetSdkVersion
		INJECTED from src/main/AndroidManifest.xml
		INJECTED from src/main/AndroidManifest.xml
	android:minSdkVersion
		INJECTED from src/main/AndroidManifest.xml
		INJECTED from src/main/AndroidManifest.xml